#
# There is insufficient memory for the Java Runtime Environment to continue.
# Native memory allocation (malloc) failed to allocate 1290624 bytes for Chunk::new
# Possible reasons:
#   The system is out of physical RAM or swap space
#   The process is running with CompressedOops enabled, and the Java Heap may be blocking the growth of the native heap
# Possible solutions:
#   Reduce memory load on the system
#   Increase physical memory or swap space
#   Check if swap backing store is full
#   Decrease Java heap size (-Xmx/-Xms)
#   Decrease number of Java threads
#   Decrease Java thread stack sizes (-Xss)
#   Set larger code cache with -XX:ReservedCodeCacheSize=
#   JVM is running with Unscaled Compressed Oops mode in which the Java heap is
#     placed in the first 4GB address space. The Java Heap base address is the
#     maximum limit for the native heap growth. Please use -XX:HeapBaseMinAddress
#     to set the Java Heap base and to place the Java Heap above 4GB virtual address.
# This output file may be truncated or incomplete.
#
#  Out of Memory Error (arena.cpp:184), pid=24644, tid=10608
#
# JRE version: OpenJDK Runtime Environment (19.0.1+10) (build 19.0.1+10-21)
# Java VM: OpenJDK 64-Bit Server VM (19.0.1+10-21, mixed mode, sharing, tiered, compressed oops, compressed class ptrs, g1 gc, windows-amd64)
# No core dump will be written. Minidumps are not enabled by default on client versions of Windows
#

---------------  S U M M A R Y ------------

Command Line: -javaagent:C:\Users\KONE\AppData\Local\JetBrains\Toolbox\apps\IDEA-C\ch-0\231.8109.175\lib\idea_rt.jar=55441:C:\Users\KONE\AppData\Local\JetBrains\Toolbox\apps\IDEA-C\ch-0\231.8109.175\bin -Dfile.encoding=UTF-8 -Dsun.stdout.encoding=UTF-8 -Dsun.stderr.encoding=UTF-8 com.mkoner.electronics.express.Application

Host: Intel(R) Core(TM) i5-1035G1 CPU @ 1.00GHz, 8 cores, 7G,  Windows 10 , 64 bit Build 19041 (10.0.19041.2546)
Time: Wed Apr 12 13:18:39 2023 Greenwich elapsed time: 11795.292788 seconds (0d 3h 16m 35s)

---------------  T H R E A D  ---------------

Current thread (0x00000230feed2670):  JavaThread "C2 CompilerThread0" daemon [_thread_in_native, id=10608, stack(0x000000e208800000,0x000000e208900000)]


Current CompileTask:
C2:11795292 15154   !   4       org.springframework.expression.spel.ast.PropertyOrFieldReference::readProperty (277 bytes)

Stack: [0x000000e208800000,0x000000e208900000]
Native frames: (J=compiled Java code, j=interpreted, Vv=VM code, C=native code)
V  [jvm.dll+0x6ee8fa]
V  [jvm.dll+0x857a1e]
V  [jvm.dll+0x85940e]
V  [jvm.dll+0x859ac3]
V  [jvm.dll+0x28291f]
V  [jvm.dll+0xc9b5f]
V  [jvm.dll+0xc9ee5]
V  [jvm.dll+0x3bcbac]
V  [jvm.dll+0x386201]
V  [jvm.dll+0x38567a]
V  [jvm.dll+0x24c2c9]
V  [jvm.dll+0x24b671]
V  [jvm.dll+0x1d6d61]
V  [jvm.dll+0x25b0fa]
V  [jvm.dll+0x259588]
V  [jvm.dll+0x807928]
V  [jvm.dll+0x8015fa]
V  [jvm.dll+0x6ed5eb]
C  [ucrtbase.dll+0x21bb2]
C  [KERNEL32.DLL+0x17614]
C  [ntdll.dll+0x526a1]


---------------  P R O C E S S  ---------------

Threads class SMR info:
_java_thread_list=0x00000230853c9350, length=32, elements={
0x00000230fee9ff40, 0x00000230feea08e0, 0x00000230feea1de0, 0x00000230feea34d0,
0x00000230feea61c0, 0x00000230feeaa5a0, 0x00000230feed2670, 0x00000230feed5540,
0x00000230feed8270, 0x00000230fee734e0, 0x00000230ff39c980, 0x00000230ff39cec0,
0x0000023084a62600, 0x0000023084a61610, 0x00000230866f6bc0, 0x00000230866f7660,
0x00000230866f7bb0, 0x00000230866f4be0, 0x00000230866fab80, 0x00000230866f9b90,
0x00000230866f7110, 0x00000230866fb0d0, 0x00000230866f6120, 0x00000230866f8650,
0x00000230866fb620, 0x00000230866f6670, 0x00000230866f8ba0, 0x00000230866fc610,
0x00000230866f9640, 0x00000230866f5130, 0x00000230866f90f0, 0x0000023084abf830
}

Java Threads: ( => current thread )
  0x00000230fee9ff40 JavaThread "Reference Handler" daemon [_thread_blocked, id=18168, stack(0x000000e208200000,0x000000e208300000)]
  0x00000230feea08e0 JavaThread "Finalizer" daemon [_thread_blocked, id=24388, stack(0x000000e208300000,0x000000e208400000)]
  0x00000230feea1de0 JavaThread "Signal Dispatcher" daemon [_thread_blocked, id=9440, stack(0x000000e208400000,0x000000e208500000)]
  0x00000230feea34d0 JavaThread "Attach Listener" daemon [_thread_blocked, id=13364, stack(0x000000e208500000,0x000000e208600000)]
  0x00000230feea61c0 JavaThread "Service Thread" daemon [_thread_blocked, id=7260, stack(0x000000e208600000,0x000000e208700000)]
  0x00000230feeaa5a0 JavaThread "Monitor Deflation Thread" daemon [_thread_blocked, id=2556, stack(0x000000e208700000,0x000000e208800000)]
=>0x00000230feed2670 JavaThread "C2 CompilerThread0" daemon [_thread_in_native, id=10608, stack(0x000000e208800000,0x000000e208900000)]
  0x00000230feed5540 JavaThread "C1 CompilerThread0" daemon [_thread_blocked, id=22716, stack(0x000000e208900000,0x000000e208a00000)]
  0x00000230feed8270 JavaThread "Sweeper thread" daemon [_thread_blocked, id=3692, stack(0x000000e208a00000,0x000000e208b00000)]
  0x00000230fee734e0 JavaThread "Common-Cleaner" daemon [_thread_blocked, id=20264, stack(0x000000e208b00000,0x000000e208c00000)]
  0x00000230ff39c980 JavaThread "Monitor Ctrl-Break" daemon [_thread_in_native, id=13040, stack(0x000000e208d00000,0x000000e208e00000)]
  0x00000230ff39cec0 JavaThread "Notification Thread" daemon [_thread_blocked, id=22068, stack(0x000000e208e00000,0x000000e208f00000)]
  0x0000023084a62600 JavaThread "Catalina-utility-1" [_thread_blocked, id=12112, stack(0x000000e209b00000,0x000000e209c00000)]
  0x0000023084a61610 JavaThread "Catalina-utility-2" [_thread_blocked, id=14640, stack(0x000000e209c00000,0x000000e209d00000)]
  0x00000230866f6bc0 JavaThread "container-0" [_thread_blocked, id=15204, stack(0x000000e209d00000,0x000000e209e00000)]
  0x00000230866f7660 JavaThread "mysql-cj-abandoned-connection-cleanup" daemon [_thread_blocked, id=14220, stack(0x000000e209e00000,0x000000e209f00000)]
  0x00000230866f7bb0 JavaThread "HikariPool-1 housekeeper" daemon [_thread_blocked, id=9792, stack(0x000000e20a000000,0x000000e20a100000)]
  0x00000230866f4be0 JavaThread "File Watcher" daemon [_thread_blocked, id=5892, stack(0x000000e209900000,0x000000e209a00000)]
  0x00000230866fab80 JavaThread "https-jsse-nio-8070-exec-1" daemon [_thread_blocked, id=4952, stack(0x000000e20a200000,0x000000e20a300000)]
  0x00000230866f9b90 JavaThread "https-jsse-nio-8070-exec-2" daemon [_thread_blocked, id=16928, stack(0x000000e20a300000,0x000000e20a400000)]
  0x00000230866f7110 JavaThread "https-jsse-nio-8070-exec-3" daemon [_thread_blocked, id=7456, stack(0x000000e20a400000,0x000000e20a500000)]
  0x00000230866fb0d0 JavaThread "https-jsse-nio-8070-exec-4" daemon [_thread_blocked, id=19348, stack(0x000000e20a500000,0x000000e20a600000)]
  0x00000230866f6120 JavaThread "https-jsse-nio-8070-exec-5" daemon [_thread_blocked, id=19308, stack(0x000000e20a600000,0x000000e20a700000)]
  0x00000230866f8650 JavaThread "https-jsse-nio-8070-exec-6" daemon [_thread_blocked, id=19252, stack(0x000000e20a700000,0x000000e20a800000)]
  0x00000230866fb620 JavaThread "https-jsse-nio-8070-exec-7" daemon [_thread_blocked, id=19040, stack(0x000000e20a800000,0x000000e20a900000)]
  0x00000230866f6670 JavaThread "https-jsse-nio-8070-exec-8" daemon [_thread_blocked, id=19928, stack(0x000000e20a900000,0x000000e20aa00000)]
  0x00000230866f8ba0 JavaThread "https-jsse-nio-8070-exec-9" daemon [_thread_blocked, id=4400, stack(0x000000e20aa00000,0x000000e20ab00000)]
  0x00000230866fc610 JavaThread "https-jsse-nio-8070-exec-10" daemon [_thread_blocked, id=16504, stack(0x000000e20ab00000,0x000000e20ac00000)]
  0x00000230866f9640 JavaThread "https-jsse-nio-8070-Poller" daemon [_thread_in_native, id=16852, stack(0x000000e20ac00000,0x000000e20ad00000)]
  0x00000230866f5130 JavaThread "https-jsse-nio-8070-Acceptor" daemon [_thread_in_native, id=18796, stack(0x000000e20ad00000,0x000000e20ae00000)]
  0x00000230866f90f0 JavaThread "DestroyJavaVM" [_thread_blocked, id=3592, stack(0x000000e207b00000,0x000000e207c00000)]
  0x0000023084abf830 JavaThread "C2 CompilerThread1" daemon [_thread_in_native, id=18524, stack(0x000000e207800000,0x000000e207900000)]

Other Threads:
  0x00000230fee85fe0 VMThread "VM Thread" [stack: 0x000000e208100000,0x000000e208200000] [id=18072]
  0x00000230ff2fa780 WatcherThread "VM Periodic Task Thread" [stack: 0x000000e208f00000,0x000000e209000000] [id=19056]
  0x00000230e0857b20 WorkerThread "GC Thread#0" [stack: 0x000000e207c00000,0x000000e207d00000] [id=7316]
  0x00000230fee86df0 WorkerThread "GC Thread#1" [stack: 0x000000e209200000,0x000000e209300000] [id=25392]
  0x00000230fee85a40 WorkerThread "GC Thread#2" [stack: 0x000000e209300000,0x000000e209400000] [id=19224]
  0x00000230fee86580 WorkerThread "GC Thread#3" [stack: 0x000000e209400000,0x000000e209500000] [id=10228]
  0x00000230fee85d10 WorkerThread "GC Thread#4" [stack: 0x000000e209500000,0x000000e209600000] [id=12924]
  0x00000230fee86850 WorkerThread "GC Thread#5" [stack: 0x000000e209600000,0x000000e209700000] [id=11928]
  0x00000230fee87390 WorkerThread "GC Thread#6" [stack: 0x000000e209700000,0x000000e209800000] [id=5608]
  0x00000230fee85770 WorkerThread "GC Thread#7" [stack: 0x000000e209800000,0x000000e209900000] [id=18800]
  0x00000230e0869300 ConcurrentGCThread "G1 Main Marker" [stack: 0x000000e207d00000,0x000000e207e00000] [id=16028]
  0x00000230e086a2e0 WorkerThread "G1 Conc#0" [stack: 0x000000e207e00000,0x000000e207f00000] [id=15928]
  0x0000023084059c00 WorkerThread "G1 Conc#1" [stack: 0x000000e209a00000,0x000000e209b00000] [id=3504]
  0x00000230fed3f5a0 ConcurrentGCThread "G1 Refine#0" [stack: 0x000000e207f00000,0x000000e208000000] [id=17648]
  0x00000230fed419b0 ConcurrentGCThread "G1 Service" [stack: 0x000000e208000000,0x000000e208100000] [id=20408]

Threads with active compile tasks:
C2 CompilerThread0  11795369 15154   !   4       org.springframework.expression.spel.ast.PropertyOrFieldReference::readProperty (277 bytes)
C2 CompilerThread1  11795369 15153   !   4       org.springframework.expression.spel.ast.PropertyOrFieldReference::getValueInternal (327 bytes)

VM state: not at safepoint (normal execution)

VM Mutex/Monitor currently owned by a thread: None

Heap address: 0x0000000083a00000, size: 1990 MB, Compressed Oops mode: 32-bit

CDS archive(s) mapped at: [0x0000000800000000-0x0000000800c30000-0x0000000800c30000), size 12779520, SharedBaseAddress: 0x0000000800000000, ArchiveRelocationMode: 0.
Compressed class space mapped at: 0x0000000801000000-0x0000000841000000, reserved size: 1073741824
Narrow klass base: 0x0000000800000000, Narrow klass shift: 0, Narrow klass range: 0x100000000

GC Precious Log:
 CardTable entry size: 512
 Card Set container configuration: InlinePtr #cards 5 size 8 Array Of Cards #cards 12 size 40 Howl #buckets 4 coarsen threshold 1843 Howl Bitmap #cards 512 size 80 coarsen threshold 460 Card regions per heap region 1 cards per card region 2048
 CPUs: 8 total, 8 available
 Memory: 7959M
 Large Page Support: Disabled
 NUMA Support: Disabled
 Compressed Oops: Enabled (32-bit)
 Heap Region Size: 1M
 Heap Min Capacity: 8M
 Heap Initial Capacity: 126M
 Heap Max Capacity: 1990M
 Pre-touch: Disabled
 Parallel Workers: 8
 Concurrent Workers: 2
 Concurrent Refinement Workers: 8
 Periodic GC: Disabled

Heap:
 garbage-first heap   total 112640K, used 94929K [0x0000000083a00000, 0x0000000100000000)
  region size 1024K, 65 young (66560K), 1 survivors (1024K)
 Metaspace       used 73470K, committed 73920K, reserved 1114112K
  class space    used 8739K, committed 8960K, reserved 1048576K

Heap Regions: E=young(eden), S=young(survivor), O=old, HS=humongous(starts), HC=humongous(continues), CS=collection set, F=free, OA=open archive, CA=closed archive, TAMS=top-at-mark-start (previous, next)
|   0|0x0000000083a00000, 0x0000000083b00000, 0x0000000083b00000|100%|HS|  |TAMS 0x0000000083b00000, 0x0000000083a00000| Complete 
|   1|0x0000000083b00000, 0x0000000083c00000, 0x0000000083c00000|100%| O|  |TAMS 0x0000000083c00000, 0x0000000083b00000| Untracked 
|   2|0x0000000083c00000, 0x0000000083d00000, 0x0000000083d00000|100%| O|  |TAMS 0x0000000083d00000, 0x0000000083c00000| Untracked 
|   3|0x0000000083d00000, 0x0000000083e00000, 0x0000000083e00000|100%| O|  |TAMS 0x0000000083e00000, 0x0000000083d00000| Untracked 
|   4|0x0000000083e00000, 0x0000000083f00000, 0x0000000083f00000|100%| O|  |TAMS 0x0000000083f00000, 0x0000000083e00000| Untracked 
|   5|0x0000000083f00000, 0x0000000084000000, 0x0000000084000000|100%| O|  |TAMS 0x0000000084000000, 0x0000000083f00000| Untracked 
|   6|0x0000000084000000, 0x0000000084100000, 0x0000000084100000|100%| O|  |TAMS 0x0000000084100000, 0x0000000084000000| Untracked 
|   7|0x0000000084100000, 0x000000008414ec00, 0x0000000084200000| 30%| O|  |TAMS 0x0000000084100000, 0x0000000084100000| Untracked 
|   8|0x0000000084200000, 0x0000000084300000, 0x0000000084300000|100%| O|  |TAMS 0x0000000084300000, 0x0000000084200000| Untracked 
|   9|0x0000000084300000, 0x0000000084400000, 0x0000000084400000|100%| O|  |TAMS 0x0000000084400000, 0x0000000084300000| Untracked 
|  10|0x0000000084400000, 0x0000000084500000, 0x0000000084500000|100%| O|  |TAMS 0x0000000084500000, 0x0000000084400000| Untracked 
|  11|0x0000000084500000, 0x0000000084600000, 0x0000000084600000|100%| O|  |TAMS 0x0000000084600000, 0x0000000084500000| Untracked 
|  12|0x0000000084600000, 0x0000000084700000, 0x0000000084700000|100%| O|  |TAMS 0x0000000084700000, 0x0000000084600000| Untracked 
|  13|0x0000000084700000, 0x0000000084800000, 0x0000000084800000|100%| O|  |TAMS 0x0000000084800000, 0x0000000084700000| Untracked 
|  14|0x0000000084800000, 0x0000000084900000, 0x0000000084900000|100%| O|  |TAMS 0x0000000084900000, 0x0000000084800000| Untracked 
|  15|0x0000000084900000, 0x0000000084a00000, 0x0000000084a00000|100%| O|  |TAMS 0x0000000084a00000, 0x0000000084900000| Untracked 
|  16|0x0000000084a00000, 0x0000000084b00000, 0x0000000084b00000|100%| O|  |TAMS 0x0000000084b00000, 0x0000000084a00000| Untracked 
|  17|0x0000000084b00000, 0x0000000084c00000, 0x0000000084c00000|100%| O|  |TAMS 0x0000000084c00000, 0x0000000084b00000| Untracked 
|  18|0x0000000084c00000, 0x0000000084d00000, 0x0000000084d00000|100%| O|  |TAMS 0x0000000084d00000, 0x0000000084c00000| Untracked 
|  19|0x0000000084d00000, 0x0000000084e00000, 0x0000000084e00000|100%| O|  |TAMS 0x0000000084e00000, 0x0000000084d00000| Untracked 
|  20|0x0000000084e00000, 0x0000000084f00000, 0x0000000084f00000|100%| O|  |TAMS 0x0000000084f00000, 0x0000000084e00000| Untracked 
|  21|0x0000000084f00000, 0x0000000085000000, 0x0000000085000000|100%| O|  |TAMS 0x0000000085000000, 0x0000000084f00000| Untracked 
|  22|0x0000000085000000, 0x0000000085100000, 0x0000000085100000|100%| O|  |TAMS 0x0000000085100000, 0x0000000085000000| Untracked 
|  23|0x0000000085100000, 0x0000000085200000, 0x0000000085200000|100%| O|  |TAMS 0x0000000085200000, 0x0000000085100000| Untracked 
|  24|0x0000000085200000, 0x0000000085300000, 0x0000000085300000|100%| O|  |TAMS 0x0000000085300000, 0x0000000085200000| Untracked 
|  25|0x0000000085300000, 0x0000000085400000, 0x0000000085400000|100%| O|  |TAMS 0x0000000085400000, 0x0000000085300000| Untracked 
|  26|0x0000000085400000, 0x0000000085500000, 0x0000000085500000|100%| O|  |TAMS 0x0000000085500000, 0x0000000085400000| Untracked 
|  27|0x0000000085500000, 0x0000000085600000, 0x0000000085600000|100%| O|  |TAMS 0x0000000085600000, 0x0000000085500000| Untracked 
|  28|0x0000000085600000, 0x0000000085700000, 0x0000000085700000|100%| O|  |TAMS 0x0000000085700000, 0x0000000085600000| Untracked 
|  29|0x0000000085700000, 0x0000000085800000, 0x0000000085800000|100%| O|  |TAMS 0x0000000085800000, 0x0000000085700000| Untracked 
|  30|0x0000000085800000, 0x0000000085800000, 0x0000000085900000|  0%| F|  |TAMS 0x0000000085800000, 0x0000000085800000| Untracked 
|  31|0x0000000085900000, 0x0000000085900000, 0x0000000085a00000|  0%| F|  |TAMS 0x0000000085900000, 0x0000000085900000| Untracked 
|  32|0x0000000085a00000, 0x0000000085a00000, 0x0000000085b00000|  0%| F|  |TAMS 0x0000000085a00000, 0x0000000085a00000| Untracked 
|  33|0x0000000085b00000, 0x0000000085c00000, 0x0000000085c00000|100%| O|  |TAMS 0x0000000085c00000, 0x0000000085b00000| Untracked 
|  34|0x0000000085c00000, 0x0000000085c00000, 0x0000000085d00000|  0%| F|  |TAMS 0x0000000085c00000, 0x0000000085c00000| Untracked 
|  35|0x0000000085d00000, 0x0000000085d00000, 0x0000000085e00000|  0%| F|  |TAMS 0x0000000085d00000, 0x0000000085d00000| Untracked 
|  36|0x0000000085e00000, 0x0000000085e00000, 0x0000000085f00000|  0%| F|  |TAMS 0x0000000085e00000, 0x0000000085e00000| Untracked 
|  37|0x0000000085f00000, 0x0000000085f00000, 0x0000000086000000|  0%| F|  |TAMS 0x0000000085f00000, 0x0000000085f00000| Untracked 
|  38|0x0000000086000000, 0x0000000086000000, 0x0000000086100000|  0%| F|  |TAMS 0x0000000086000000, 0x0000000086000000| Untracked 
|  39|0x0000000086100000, 0x0000000086100000, 0x0000000086200000|  0%| F|  |TAMS 0x0000000086100000, 0x0000000086100000| Untracked 
|  40|0x0000000086200000, 0x0000000086200000, 0x0000000086300000|  0%| F|  |TAMS 0x0000000086200000, 0x0000000086200000| Untracked 
|  41|0x0000000086300000, 0x0000000086300000, 0x0000000086400000|  0%| F|  |TAMS 0x0000000086300000, 0x0000000086300000| Untracked 
|  42|0x0000000086400000, 0x0000000086400000, 0x0000000086500000|  0%| F|  |TAMS 0x0000000086400000, 0x0000000086400000| Untracked 
|  43|0x0000000086500000, 0x0000000086500000, 0x0000000086600000|  0%| F|  |TAMS 0x0000000086500000, 0x0000000086500000| Untracked 
|  44|0x0000000086600000, 0x0000000086600000, 0x0000000086700000|  0%| F|  |TAMS 0x0000000086600000, 0x0000000086600000| Untracked 
|  45|0x0000000086700000, 0x00000000867a4680, 0x0000000086800000| 64%| E|  |TAMS 0x0000000086700000, 0x0000000086700000| Complete 
|  46|0x0000000086800000, 0x0000000086900000, 0x0000000086900000|100%| E|CS|TAMS 0x0000000086800000, 0x0000000086800000| Complete 
|  47|0x0000000086900000, 0x0000000086a00000, 0x0000000086a00000|100%| E|CS|TAMS 0x0000000086900000, 0x0000000086900000| Complete 
|  48|0x0000000086a00000, 0x0000000086b00000, 0x0000000086b00000|100%| E|CS|TAMS 0x0000000086a00000, 0x0000000086a00000| Complete 
|  49|0x0000000086b00000, 0x0000000086c00000, 0x0000000086c00000|100%| E|CS|TAMS 0x0000000086b00000, 0x0000000086b00000| Complete 
|  50|0x0000000086c00000, 0x0000000086d00000, 0x0000000086d00000|100%| E|CS|TAMS 0x0000000086c00000, 0x0000000086c00000| Complete 
|  51|0x0000000086d00000, 0x0000000086e00000, 0x0000000086e00000|100%| E|CS|TAMS 0x0000000086d00000, 0x0000000086d00000| Complete 
|  52|0x0000000086e00000, 0x0000000086f00000, 0x0000000086f00000|100%| E|CS|TAMS 0x0000000086e00000, 0x0000000086e00000| Complete 
|  53|0x0000000086f00000, 0x0000000087000000, 0x0000000087000000|100%| E|  |TAMS 0x0000000086f00000, 0x0000000086f00000| Complete 
|  54|0x0000000087000000, 0x0000000087100000, 0x0000000087100000|100%| E|CS|TAMS 0x0000000087000000, 0x0000000087000000| Complete 
|  55|0x0000000087100000, 0x0000000087200000, 0x0000000087200000|100%| E|CS|TAMS 0x0000000087100000, 0x0000000087100000| Complete 
|  56|0x0000000087200000, 0x0000000087300000, 0x0000000087300000|100%| E|CS|TAMS 0x0000000087200000, 0x0000000087200000| Complete 
|  57|0x0000000087300000, 0x0000000087400000, 0x0000000087400000|100%| E|CS|TAMS 0x0000000087300000, 0x0000000087300000| Complete 
|  58|0x0000000087400000, 0x0000000087500000, 0x0000000087500000|100%| E|CS|TAMS 0x0000000087400000, 0x0000000087400000| Complete 
|  59|0x0000000087500000, 0x0000000087600000, 0x0000000087600000|100%| E|CS|TAMS 0x0000000087500000, 0x0000000087500000| Complete 
|  60|0x0000000087600000, 0x0000000087700000, 0x0000000087700000|100%| E|CS|TAMS 0x0000000087600000, 0x0000000087600000| Complete 
|  61|0x0000000087700000, 0x0000000087800000, 0x0000000087800000|100%| E|CS|TAMS 0x0000000087700000, 0x0000000087700000| Complete 
|  62|0x0000000087800000, 0x0000000087900000, 0x0000000087900000|100%| E|CS|TAMS 0x0000000087800000, 0x0000000087800000| Complete 
|  63|0x0000000087900000, 0x0000000087a00000, 0x0000000087a00000|100%| E|CS|TAMS 0x0000000087900000, 0x0000000087900000| Complete 
|  64|0x0000000087a00000, 0x0000000087b00000, 0x0000000087b00000|100%| E|CS|TAMS 0x0000000087a00000, 0x0000000087a00000| Complete 
|  65|0x0000000087b00000, 0x0000000087c00000, 0x0000000087c00000|100%| E|CS|TAMS 0x0000000087b00000, 0x0000000087b00000| Complete 
|  66|0x0000000087c00000, 0x0000000087d00000, 0x0000000087d00000|100%| E|CS|TAMS 0x0000000087c00000, 0x0000000087c00000| Complete 
|  67|0x0000000087d00000, 0x0000000087e00000, 0x0000000087e00000|100%| E|CS|TAMS 0x0000000087d00000, 0x0000000087d00000| Complete 
|  68|0x0000000087e00000, 0x0000000087f00000, 0x0000000087f00000|100%| E|CS|TAMS 0x0000000087e00000, 0x0000000087e00000| Complete 
|  69|0x0000000087f00000, 0x0000000088000000, 0x0000000088000000|100%| E|CS|TAMS 0x0000000087f00000, 0x0000000087f00000| Complete 
|  70|0x0000000088000000, 0x0000000088100000, 0x0000000088100000|100%| E|CS|TAMS 0x0000000088000000, 0x0000000088000000| Complete 
|  71|0x0000000088100000, 0x0000000088200000, 0x0000000088200000|100%| E|CS|TAMS 0x0000000088100000, 0x0000000088100000| Complete 
|  72|0x0000000088200000, 0x0000000088300000, 0x0000000088300000|100%| E|CS|TAMS 0x0000000088200000, 0x0000000088200000| Complete 
|  73|0x0000000088300000, 0x0000000088400000, 0x0000000088400000|100%| E|CS|TAMS 0x0000000088300000, 0x0000000088300000| Complete 
|  74|0x0000000088400000, 0x0000000088500000, 0x0000000088500000|100%| E|CS|TAMS 0x0000000088400000, 0x0000000088400000| Complete 
|  75|0x0000000088500000, 0x0000000088600000, 0x0000000088600000|100%| E|CS|TAMS 0x0000000088500000, 0x0000000088500000| Complete 
|  76|0x0000000088600000, 0x0000000088700000, 0x0000000088700000|100%| E|CS|TAMS 0x0000000088600000, 0x0000000088600000| Complete 
|  77|0x0000000088700000, 0x0000000088800000, 0x0000000088800000|100%| E|CS|TAMS 0x0000000088700000, 0x0000000088700000| Complete 
|  78|0x0000000088800000, 0x0000000088900000, 0x0000000088900000|100%| E|CS|TAMS 0x0000000088800000, 0x0000000088800000| Complete 
|  79|0x0000000088900000, 0x0000000088a00000, 0x0000000088a00000|100%| E|CS|TAMS 0x0000000088900000, 0x0000000088900000| Complete 
|  80|0x0000000088a00000, 0x0000000088b00000, 0x0000000088b00000|100%| E|CS|TAMS 0x0000000088a00000, 0x0000000088a00000| Complete 
|  81|0x0000000088b00000, 0x0000000088c00000, 0x0000000088c00000|100%| E|CS|TAMS 0x0000000088b00000, 0x0000000088b00000| Complete 
|  82|0x0000000088c00000, 0x0000000088d00000, 0x0000000088d00000|100%| E|CS|TAMS 0x0000000088c00000, 0x0000000088c00000| Complete 
|  83|0x0000000088d00000, 0x0000000088e00000, 0x0000000088e00000|100%| E|CS|TAMS 0x0000000088d00000, 0x0000000088d00000| Complete 
|  84|0x0000000088e00000, 0x0000000088f00000, 0x0000000088f00000|100%| E|CS|TAMS 0x0000000088e00000, 0x0000000088e00000| Complete 
|  85|0x0000000088f00000, 0x0000000089000000, 0x0000000089000000|100%| E|CS|TAMS 0x0000000088f00000, 0x0000000088f00000| Complete 
|  86|0x0000000089000000, 0x0000000089100000, 0x0000000089100000|100%| E|CS|TAMS 0x0000000089000000, 0x0000000089000000| Complete 
|  87|0x0000000089100000, 0x0000000089200000, 0x0000000089200000|100%| E|CS|TAMS 0x0000000089100000, 0x0000000089100000| Complete 
|  88|0x0000000089200000, 0x0000000089300000, 0x0000000089300000|100%| E|CS|TAMS 0x0000000089200000, 0x0000000089200000| Complete 
|  89|0x0000000089300000, 0x0000000089400000, 0x0000000089400000|100%| E|CS|TAMS 0x0000000089300000, 0x0000000089300000| Complete 
|  90|0x0000000089400000, 0x0000000089500000, 0x0000000089500000|100%| E|CS|TAMS 0x0000000089400000, 0x0000000089400000| Complete 
|  91|0x0000000089500000, 0x0000000089600000, 0x0000000089600000|100%| E|CS|TAMS 0x0000000089500000, 0x0000000089500000| Complete 
|  92|0x0000000089600000, 0x0000000089700000, 0x0000000089700000|100%| E|CS|TAMS 0x0000000089600000, 0x0000000089600000| Complete 
|  93|0x0000000089700000, 0x0000000089800000, 0x0000000089800000|100%| E|CS|TAMS 0x0000000089700000, 0x0000000089700000| Complete 
|  94|0x0000000089800000, 0x0000000089900000, 0x0000000089900000|100%| E|CS|TAMS 0x0000000089800000, 0x0000000089800000| Complete 
|  95|0x0000000089900000, 0x0000000089a00000, 0x0000000089a00000|100%| E|CS|TAMS 0x0000000089900000, 0x0000000089900000| Complete 
|  96|0x0000000089a00000, 0x0000000089b00000, 0x0000000089b00000|100%| E|CS|TAMS 0x0000000089a00000, 0x0000000089a00000| Complete 
|  97|0x0000000089b00000, 0x0000000089c00000, 0x0000000089c00000|100%| E|CS|TAMS 0x0000000089b00000, 0x0000000089b00000| Complete 
|  98|0x0000000089c00000, 0x0000000089d00000, 0x0000000089d00000|100%| E|CS|TAMS 0x0000000089c00000, 0x0000000089c00000| Complete 
|  99|0x0000000089d00000, 0x0000000089e00000, 0x0000000089e00000|100%| E|CS|TAMS 0x0000000089d00000, 0x0000000089d00000| Complete 
| 100|0x0000000089e00000, 0x0000000089f00000, 0x0000000089f00000|100%| E|CS|TAMS 0x0000000089e00000, 0x0000000089e00000| Complete 
| 101|0x0000000089f00000, 0x000000008a000000, 0x000000008a000000|100%| E|CS|TAMS 0x0000000089f00000, 0x0000000089f00000| Complete 
| 102|0x000000008a000000, 0x000000008a100000, 0x000000008a100000|100%| E|CS|TAMS 0x000000008a000000, 0x000000008a000000| Complete 
| 103|0x000000008a100000, 0x000000008a200000, 0x000000008a200000|100%| E|CS|TAMS 0x000000008a100000, 0x000000008a100000| Complete 
| 104|0x000000008a200000, 0x000000008a300000, 0x000000008a300000|100%| E|CS|TAMS 0x000000008a200000, 0x000000008a200000| Complete 
| 105|0x000000008a300000, 0x000000008a365840, 0x000000008a400000| 39%| S|CS|TAMS 0x000000008a300000, 0x000000008a300000| Complete 
| 106|0x000000008a400000, 0x000000008a500000, 0x000000008a500000|100%| E|CS|TAMS 0x000000008a400000, 0x000000008a400000| Complete 
| 107|0x000000008a500000, 0x000000008a600000, 0x000000008a600000|100%| E|CS|TAMS 0x000000008a500000, 0x000000008a500000| Complete 
| 108|0x000000008a600000, 0x000000008a700000, 0x000000008a700000|100%| E|CS|TAMS 0x000000008a600000, 0x000000008a600000| Complete 
| 125|0x000000008b700000, 0x000000008b800000, 0x000000008b800000|100%| E|CS|TAMS 0x000000008b700000, 0x000000008b700000| Complete 

Card table byte_map: [0x00000230f7e40000,0x00000230f8230000] _byte_map_base: 0x00000230f7a23000

Marking Bits (Prev, Next): (CMBitMap*) 0x00000230e0858fb0, (CMBitMap*) 0x00000230e0858f70
 Prev Bits: [0x00000230fa540000, 0x00000230fc458000)
 Next Bits: [0x00000230f8620000, 0x00000230fa538000)

Polling page: 0x00000230de620000

Metaspace:

Usage:
  Non-class:     63.21 MB used.
      Class:      8.53 MB used.
       Both:     71.75 MB used.

Virtual space:
  Non-class space:       64.00 MB reserved,      63.44 MB (>99%) committed,  1 nodes.
      Class space:        1.00 GB reserved,       8.75 MB ( <1%) committed,  1 nodes.
             Both:        1.06 GB reserved,      72.19 MB (  7%) committed. 

Chunk freelists:
   Non-Class:  576.00 KB
       Class:  3.27 MB
        Both:  3.83 MB

MaxMetaspaceSize: unlimited
CompressedClassSpaceSize: 1.00 GB
Initial GC threshold: 21.00 MB
Current GC threshold: 120.12 MB
CDS: on
MetaspaceReclaimPolicy: balanced
 - commit_granule_bytes: 65536.
 - commit_granule_words: 8192.
 - virtual_space_node_default_size: 8388608.
 - enlarge_chunks_in_place: 1.
 - new_chunks_are_fully_committed: 0.
 - uncommit_free_chunks: 1.
 - use_allocation_guard: 0.


Internal statistics:

num_allocs_failed_limit: 9.
num_arena_births: 850.
num_arena_deaths: 248.
num_vsnodes_births: 2.
num_vsnodes_deaths: 0.
num_space_committed: 1155.
num_space_uncommitted: 0.
num_chunks_returned_to_freelist: 272.
num_chunks_taken_from_freelist: 3607.
num_chunk_merges: 53.
num_chunk_splits: 2396.
num_chunks_enlarged: 1921.
num_inconsistent_stats: 0.

CodeHeap 'non-profiled nmethods': size=120000Kb used=12723Kb max_used=12723Kb free=107276Kb
 bounds [0x00000230f01e0000, 0x00000230f0e50000, 0x00000230f7710000]
CodeHeap 'profiled nmethods': size=120000Kb used=22469Kb max_used=27176Kb free=97531Kb
 bounds [0x00000230e8710000, 0x00000230ea1a0000, 0x00000230efc40000]
CodeHeap 'non-nmethods': size=5760Kb used=1459Kb max_used=1518Kb free=4300Kb
 bounds [0x00000230efc40000, 0x00000230efeb0000, 0x00000230f01e0000]
 total_blobs=12871 nmethods=12177 adapters=603
 compilation: enabled
              stopped_count=0, restarted_count=0
 full_count=0

Compilation events (20 events):
Event: 11794.260 Thread 0x00000230feed2670 15147       4       org.apache.tomcat.util.buf.Utf8Decoder::decodeLoop (28 bytes)
Event: 11794.260 Thread 0x0000023084abafe0 15148       4       org.springframework.security.web.context.request.async.WebAsyncManagerIntegrationFilter::doFilterInternal (48 bytes)
Event: 11794.262 Thread 0x00000230feed2670 nmethod 15147 0x00000230f0e3a990 code [0x00000230f0e3ab20, 0x00000230f0e3ac68]
Event: 11794.262 Thread 0x00000230feed2670 15144       4       org.springframework.transaction.interceptor.TransactionAspectSupport::determineTransactionManager (123 bytes)
Event: 11794.279 Thread 0x00000230feed2670 nmethod 15144 0x00000230f0e3ae10 code [0x00000230f0e3b000, 0x00000230f0e3b4e8]
Event: 11794.279 Thread 0x00000230feed2670 15142       4       java.math.BigInteger::add (123 bytes)
Event: 11794.381 Thread 0x00000230feed2670 nmethod 15142 0x00000230f0e3bb10 code [0x00000230f0e3bd00, 0x00000230f0e3d0d8]
Event: 11794.383 Thread 0x00000230feed2670 15149   !   4       org.springframework.orm.jpa.JpaTransactionManager::doBegin (425 bytes)
Event: 11794.383 Thread 0x0000023084abafe0 nmethod 15148 0x00000230f0e3d910 code [0x00000230f0e3dc40, 0x00000230f0e3fae8]
Event: 11794.421 Thread 0x00000230feed2670 nmethod 15149 0x00000230f0e40e10 code [0x00000230f0e410e0, 0x00000230f0e421d0]
Event: 11794.683 Thread 0x00000230feed2670 15150   !   4       org.hibernate.internal.SessionImpl::find (463 bytes)
Event: 11794.753 Thread 0x00000230feed2670 nmethod 15150 0x00000230f0e43110 code [0x00000230f0e43560, 0x00000230f0e453e8]
Event: 11794.753 Thread 0x00000230feed2670 15151       4       org.springframework.boot.context.config.DelegatingApplicationListener::onApplicationEvent (95 bytes)
Event: 11794.755 Thread 0x00000230feed2670 nmethod 15151 0x00000230f0e46e10 code [0x00000230f0e46fa0, 0x00000230f0e47058]
Event: 11794.966 Thread 0x00000230feed2670 15152       4       com.mkoner.electronics.express.filter.JwtAuthorizationFilter::doFilterInternal (161 bytes)
Event: 11795.112 Thread 0x00000230feed2670 nmethod 15152 0x00000230f0e47190 code [0x00000230f0e47620, 0x00000230f0e4a1d8]
Event: 11795.113 Thread 0x00000230feed2670 15154   !   4       org.springframework.expression.spel.ast.PropertyOrFieldReference::readProperty (277 bytes)
Event: 11795.113 Thread 0x0000023084abf830 15156       4       org.springframework.expression.spel.support.ReflectivePropertyAccessor::findGetterForProperty (39 bytes)
Event: 11795.116 Thread 0x0000023084abf830 nmethod 15156 0x00000230f0e4c810 code [0x00000230f0e4c9e0, 0x00000230f0e4cbb0]
Event: 11795.116 Thread 0x0000023084abf830 15153   !   4       org.springframework.expression.spel.ast.PropertyOrFieldReference::getValueInternal (327 bytes)

GC Heap History (20 events):
Event: 11738.872 GC heap before
{Heap before GC invocations=112 (full 0):
 garbage-first heap   total 104448K, used 35605K [0x0000000083a00000, 0x0000000100000000)
  region size 1024K, 5 young (5120K), 1 survivors (1024K)
 Metaspace       used 73347K, committed 73792K, reserved 1114112K
  class space    used 8731K, committed 8960K, reserved 1048576K
}
Event: 11738.886 GC heap after
{Heap after GC invocations=113 (full 0):
 garbage-first heap   total 104448K, used 31275K [0x0000000083a00000, 0x0000000100000000)
  region size 1024K, 1 young (1024K), 1 survivors (1024K)
 Metaspace       used 73347K, committed 73792K, reserved 1114112K
  class space    used 8731K, committed 8960K, reserved 1048576K
}
Event: 11746.023 GC heap before
{Heap before GC invocations=113 (full 0):
 garbage-first heap   total 104448K, used 90667K [0x0000000083a00000, 0x0000000100000000)
  region size 1024K, 59 young (60416K), 1 survivors (1024K)
 Metaspace       used 73348K, committed 73792K, reserved 1114112K
  class space    used 8731K, committed 8960K, reserved 1048576K
}
Event: 11746.028 GC heap after
{Heap after GC invocations=114 (full 0):
 garbage-first heap   total 125952K, used 31366K [0x0000000083a00000, 0x0000000100000000)
  region size 1024K, 1 young (1024K), 1 survivors (1024K)
 Metaspace       used 73348K, committed 73792K, reserved 1114112K
  class space    used 8731K, committed 8960K, reserved 1048576K
}
Event: 11754.672 GC heap before
{Heap before GC invocations=115 (full 0):
 garbage-first heap   total 112640K, used 97926K [0x0000000083a00000, 0x0000000100000000)
  region size 1024K, 66 young (67584K), 1 survivors (1024K)
 Metaspace       used 73351K, committed 73792K, reserved 1114112K
  class space    used 8732K, committed 8960K, reserved 1048576K
}
Event: 11754.675 GC heap after
{Heap after GC invocations=116 (full 0):
 garbage-first heap   total 112640K, used 31486K [0x0000000083a00000, 0x0000000100000000)
  region size 1024K, 1 young (1024K), 1 survivors (1024K)
 Metaspace       used 73351K, committed 73792K, reserved 1114112K
  class space    used 8732K, committed 8960K, reserved 1048576K
}
Event: 11755.093 GC heap before
{Heap before GC invocations=116 (full 0):
 garbage-first heap   total 112640K, used 35582K [0x0000000083a00000, 0x0000000100000000)
  region size 1024K, 5 young (5120K), 1 survivors (1024K)
 Metaspace       used 73351K, committed 73792K, reserved 1114112K
  class space    used 8732K, committed 8960K, reserved 1048576K
}
Event: 11755.095 GC heap after
{Heap after GC invocations=117 (full 0):
 garbage-first heap   total 112640K, used 31403K [0x0000000083a00000, 0x0000000100000000)
  region size 1024K, 1 young (1024K), 1 survivors (1024K)
 Metaspace       used 73351K, committed 73792K, reserved 1114112K
  class space    used 8732K, committed 8960K, reserved 1048576K
}
Event: 11763.137 GC heap before
{Heap before GC invocations=117 (full 0):
 garbage-first heap   total 112640K, used 97963K [0x0000000083a00000, 0x0000000100000000)
  region size 1024K, 66 young (67584K), 1 survivors (1024K)
 Metaspace       used 73360K, committed 73792K, reserved 1114112K
  class space    used 8733K, committed 8960K, reserved 1048576K
}
Event: 11763.142 GC heap after
{Heap after GC invocations=118 (full 0):
 garbage-first heap   total 112640K, used 31435K [0x0000000083a00000, 0x0000000100000000)
  region size 1024K, 1 young (1024K), 1 survivors (1024K)
 Metaspace       used 73360K, committed 73792K, reserved 1114112K
  class space    used 8733K, committed 8960K, reserved 1048576K
}
Event: 11771.873 GC heap before
{Heap before GC invocations=119 (full 0):
 garbage-first heap   total 112640K, used 97995K [0x0000000083a00000, 0x0000000100000000)
  region size 1024K, 66 young (67584K), 1 survivors (1024K)
 Metaspace       used 73362K, committed 73792K, reserved 1114112K
  class space    used 8733K, committed 8960K, reserved 1048576K
}
Event: 11771.876 GC heap after
{Heap after GC invocations=120 (full 0):
 garbage-first heap   total 112640K, used 31422K [0x0000000083a00000, 0x0000000100000000)
  region size 1024K, 1 young (1024K), 1 survivors (1024K)
 Metaspace       used 73362K, committed 73792K, reserved 1114112K
  class space    used 8733K, committed 8960K, reserved 1048576K
}
Event: 11772.363 GC heap before
{Heap before GC invocations=120 (full 0):
 garbage-first heap   total 112640K, used 35518K [0x0000000083a00000, 0x0000000100000000)
  region size 1024K, 5 young (5120K), 1 survivors (1024K)
 Metaspace       used 73365K, committed 73792K, reserved 1114112K
  class space    used 8733K, committed 8960K, reserved 1048576K
}
Event: 11772.366 GC heap after
{Heap after GC invocations=121 (full 0):
 garbage-first heap   total 112640K, used 31412K [0x0000000083a00000, 0x0000000100000000)
  region size 1024K, 1 young (1024K), 1 survivors (1024K)
 Metaspace       used 73365K, committed 73792K, reserved 1114112K
  class space    used 8733K, committed 8960K, reserved 1048576K
}
Event: 11780.803 GC heap before
{Heap before GC invocations=121 (full 0):
 garbage-first heap   total 112640K, used 97972K [0x0000000083a00000, 0x0000000100000000)
  region size 1024K, 66 young (67584K), 1 survivors (1024K)
 Metaspace       used 73376K, committed 73792K, reserved 1114112K
  class space    used 8737K, committed 8960K, reserved 1048576K
}
Event: 11780.806 GC heap after
{Heap after GC invocations=122 (full 0):
 garbage-first heap   total 112640K, used 31483K [0x0000000083a00000, 0x0000000100000000)
  region size 1024K, 1 young (1024K), 1 survivors (1024K)
 Metaspace       used 73376K, committed 73792K, reserved 1114112K
  class space    used 8737K, committed 8960K, reserved 1048576K
}
Event: 11789.743 GC heap before
{Heap before GC invocations=123 (full 0):
 garbage-first heap   total 112640K, used 98043K [0x0000000083a00000, 0x0000000100000000)
  region size 1024K, 66 young (67584K), 1 survivors (1024K)
 Metaspace       used 73427K, committed 73856K, reserved 1114112K
  class space    used 8738K, committed 8960K, reserved 1048576K
}
Event: 11789.746 GC heap after
{Heap after GC invocations=124 (full 0):
 garbage-first heap   total 112640K, used 31479K [0x0000000083a00000, 0x0000000100000000)
  region size 1024K, 1 young (1024K), 1 survivors (1024K)
 Metaspace       used 73427K, committed 73856K, reserved 1114112K
  class space    used 8738K, committed 8960K, reserved 1048576K
}
Event: 11790.200 GC heap before
{Heap before GC invocations=124 (full 0):
 garbage-first heap   total 112640K, used 35575K [0x0000000083a00000, 0x0000000100000000)
  region size 1024K, 5 young (5120K), 1 survivors (1024K)
 Metaspace       used 73458K, committed 73920K, reserved 1114112K
  class space    used 8738K, committed 8960K, reserved 1048576K
}
Event: 11790.205 GC heap after
{Heap after GC invocations=125 (full 0):
 garbage-first heap   total 112640K, used 31441K [0x0000000083a00000, 0x0000000100000000)
  region size 1024K, 1 young (1024K), 1 survivors (1024K)
 Metaspace       used 73458K, committed 73920K, reserved 1114112K
  class space    used 8738K, committed 8960K, reserved 1048576K
}

Dll operation events (14 events):
Event: 0.010 Loaded shared library C:\Users\KONE\.jdks\openjdk-19.0.1\bin\java.dll
Event: 0.025 Loaded shared library C:\Users\KONE\.jdks\openjdk-19.0.1\bin\jsvml.dll
Event: 0.161 Loaded shared library C:\Users\KONE\.jdks\openjdk-19.0.1\bin\zip.dll
Event: 0.164 Loaded shared library C:\Users\KONE\.jdks\openjdk-19.0.1\bin\instrument.dll
Event: 0.171 Loaded shared library C:\Users\KONE\.jdks\openjdk-19.0.1\bin\net.dll
Event: 0.174 Loaded shared library C:\Users\KONE\.jdks\openjdk-19.0.1\bin\nio.dll
Event: 0.178 Loaded shared library C:\Users\KONE\.jdks\openjdk-19.0.1\bin\zip.dll
Event: 0.253 Loaded shared library C:\Users\KONE\AppData\Local\JetBrains\Toolbox\apps\IDEA-C\ch-0\231.8109.175\bin\breakgen64.dll
Event: 0.262 Loaded shared library C:\Users\KONE\.jdks\openjdk-19.0.1\bin\extnet.dll
Event: 0.282 Loaded shared library C:\Users\KONE\.jdks\openjdk-19.0.1\bin\verify.dll
Event: 0.287 Loaded shared library C:\Users\KONE\.jdks\openjdk-19.0.1\bin\jimage.dll
Event: 0.621 Loaded shared library C:\Users\KONE\.jdks\openjdk-19.0.1\bin\management.dll
Event: 0.623 Loaded shared library C:\Users\KONE\.jdks\openjdk-19.0.1\bin\management_ext.dll
Event: 3.803 Loaded shared library C:\Users\KONE\.jdks\openjdk-19.0.1\bin\sunmscapi.dll

Deoptimization events (20 events):
Event: 11694.185 Thread 0x00000230866f8ba0 DEOPT PACKING pc=0x00000230f0b65eb4 sp=0x000000e20aafaf30
Event: 11694.185 Thread 0x00000230866f8ba0 DEOPT UNPACKING pc=0x00000230efcaa5a3 sp=0x000000e20aafaee8 mode 2
Event: 11741.301 Thread 0x00000230866f8ba0 DEOPT PACKING pc=0x00000230e8a65c38 sp=0x000000e20aafe6e0
Event: 11741.301 Thread 0x00000230866f8ba0 DEOPT UNPACKING pc=0x00000230efcab0e3 sp=0x000000e20aafdbd8 mode 0
Event: 11753.032 Thread 0x00000230866fab80 Uncommon trap: trap_request=0xffffffd6 fr.pc=0x00000230f0c589bc relative=0x00000000000004fc
Event: 11753.032 Thread 0x00000230866fab80 Uncommon trap: reason=array_check action=maybe_recompile pc=0x00000230f0c589bc method=org.hibernate.engine.internal.EntityEntryContext.reentrantSafeEntityEntries()[Ljava/util/Map$Entry; @ 57 c2
Event: 11753.032 Thread 0x00000230866fab80 DEOPT PACKING pc=0x00000230f0c589bc sp=0x000000e20a2fc390
Event: 11753.033 Thread 0x00000230866fab80 DEOPT UNPACKING pc=0x00000230efcaa5a3 sp=0x000000e20a2fc348 mode 2
Event: 11753.055 Thread 0x00000230866fc610 Uncommon trap: trap_request=0xffffffd6 fr.pc=0x00000230f0c589bc relative=0x00000000000004fc
Event: 11753.055 Thread 0x00000230866fc610 Uncommon trap: reason=array_check action=maybe_recompile pc=0x00000230f0c589bc method=org.hibernate.engine.internal.EntityEntryContext.reentrantSafeEntityEntries()[Ljava/util/Map$Entry; @ 57 c2
Event: 11753.055 Thread 0x00000230866fc610 DEOPT PACKING pc=0x00000230f0c589bc sp=0x000000e20abfc120
Event: 11753.056 Thread 0x00000230866fc610 DEOPT UNPACKING pc=0x00000230efcaa5a3 sp=0x000000e20abfc0d8 mode 2
Event: 11753.071 Thread 0x00000230866f8ba0 Uncommon trap: trap_request=0xffffffd6 fr.pc=0x00000230f0c589bc relative=0x00000000000004fc
Event: 11753.071 Thread 0x00000230866f8ba0 Uncommon trap: reason=array_check action=maybe_recompile pc=0x00000230f0c589bc method=org.hibernate.engine.internal.EntityEntryContext.reentrantSafeEntityEntries()[Ljava/util/Map$Entry; @ 57 c2
Event: 11753.071 Thread 0x00000230866f8ba0 DEOPT PACKING pc=0x00000230f0c589bc sp=0x000000e20aafc170
Event: 11753.071 Thread 0x00000230866f8ba0 DEOPT UNPACKING pc=0x00000230efcaa5a3 sp=0x000000e20aafc128 mode 2
Event: 11753.087 Thread 0x00000230866f9b90 Uncommon trap: trap_request=0xffffffd6 fr.pc=0x00000230f0c589bc relative=0x00000000000004fc
Event: 11753.087 Thread 0x00000230866f9b90 Uncommon trap: reason=array_check action=maybe_recompile pc=0x00000230f0c589bc method=org.hibernate.engine.internal.EntityEntryContext.reentrantSafeEntityEntries()[Ljava/util/Map$Entry; @ 57 c2
Event: 11753.087 Thread 0x00000230866f9b90 DEOPT PACKING pc=0x00000230f0c589bc sp=0x000000e20a3fc270
Event: 11753.087 Thread 0x00000230866f9b90 DEOPT UNPACKING pc=0x00000230efcaa5a3 sp=0x000000e20a3fc228 mode 2

Classes loaded (20 events):
Event: 8363.863 Loading class java/lang/ObjectCustomizer
Event: 8363.863 Loading class java/lang/ObjectCustomizer done
Event: 8576.594 Loading class java/lang/ObjectCustomizer
Event: 8576.594 Loading class java/lang/ObjectCustomizer done
Event: 8576.596 Loading class java/lang/ObjectCustomizer
Event: 8576.596 Loading class java/lang/ObjectCustomizer done
Event: 9730.600 Loading class java/lang/ObjectCustomizer
Event: 9730.600 Loading class java/lang/ObjectCustomizer done
Event: 9730.603 Loading class java/lang/ObjectCustomizer
Event: 9730.603 Loading class java/lang/ObjectCustomizer done
Event: 9807.067 Loading class java/lang/ObjectCustomizer
Event: 9807.067 Loading class java/lang/ObjectCustomizer done
Event: 9807.068 Loading class java/lang/ObjectCustomizer
Event: 9807.068 Loading class java/lang/ObjectCustomizer done
Event: 9914.202 Loading class java/lang/ObjectCustomizer
Event: 9914.202 Loading class java/lang/ObjectCustomizer done
Event: 9914.203 Loading class java/lang/ObjectCustomizer
Event: 9914.203 Loading class java/lang/ObjectCustomizer done
Event: 11626.318 Loading class sun/util/locale/LocaleExtensions
Event: 11626.324 Loading class sun/util/locale/LocaleExtensions done

Classes unloaded (20 events):
Event: 6434.306 Thread 0x00000230fee85fe0 Unloading class 0x00000008016fac00 'java/lang/invoke/LambdaForm$MH+0x00000008016fac00'
Event: 6434.306 Thread 0x00000230fee85fe0 Unloading class 0x0000000801721c00 'java/lang/invoke/LambdaForm$MH+0x0000000801721c00'
Event: 6434.306 Thread 0x00000230fee85fe0 Unloading class 0x0000000801730400 'java/lang/invoke/LambdaForm$MH+0x0000000801730400'
Event: 6434.306 Thread 0x00000230fee85fe0 Unloading class 0x0000000801140800 'java/lang/invoke/LambdaForm$MH+0x0000000801140800'
Event: 6434.306 Thread 0x00000230fee85fe0 Unloading class 0x0000000801142c00 'java/lang/invoke/LambdaForm$BMH+0x0000000801142c00'
Event: 6434.306 Thread 0x00000230fee85fe0 Unloading class 0x0000000801855800 'java/lang/invoke/LambdaForm$MH+0x0000000801855800'
Event: 6434.306 Thread 0x00000230fee85fe0 Unloading class 0x0000000801864800 'java/lang/invoke/LambdaForm$MH+0x0000000801864800'
Event: 6434.306 Thread 0x00000230fee85fe0 Unloading class 0x0000000801898000 'java/lang/invoke/LambdaForm$MH+0x0000000801898000'
Event: 6434.306 Thread 0x00000230fee85fe0 Unloading class 0x000000080118c000 'java/lang/invoke/LambdaForm$MH+0x000000080118c000'
Event: 6434.306 Thread 0x00000230fee85fe0 Unloading class 0x00000008012b9000 'java/lang/invoke/LambdaForm$MH+0x00000008012b9000'
Event: 6434.307 Thread 0x00000230fee85fe0 Unloading class 0x000000080130c000 'java/lang/invoke/LambdaForm$BMH+0x000000080130c000'
Event: 6434.307 Thread 0x00000230fee85fe0 Unloading class 0x0000000801331800 'java/lang/invoke/LambdaForm$MH+0x0000000801331800'
Event: 8644.865 Thread 0x00000230fee85fe0 Unloading class 0x0000000801142c00 'java/lang/invoke/LambdaForm$MH+0x0000000801142c00'
Event: 8644.866 Thread 0x00000230fee85fe0 Unloading class 0x0000000801140800 'java/lang/invoke/LambdaForm$MH+0x0000000801140800'
Event: 8644.866 Thread 0x00000230fee85fe0 Unloading class 0x0000000801730400 'java/lang/invoke/LambdaForm$BMH+0x0000000801730400'
Event: 11419.165 Thread 0x00000230fee85fe0 Unloading class 0x0000000801364400 'java/lang/invoke/LambdaForm$MH+0x0000000801364400'
Event: 11730.548 Thread 0x00000230fee85fe0 Unloading class 0x00000008018a9000 'java/lang/invoke/LambdaForm$MH+0x00000008018a9000'
Event: 11730.548 Thread 0x00000230fee85fe0 Unloading class 0x00000008018a8800 'java/lang/invoke/LambdaForm$MH+0x00000008018a8800'
Event: 11730.548 Thread 0x00000230fee85fe0 Unloading class 0x000000080127c000 'java/lang/invoke/LambdaForm$MH+0x000000080127c000'
Event: 11730.548 Thread 0x00000230fee85fe0 Unloading class 0x00000008012b9800 'java/lang/invoke/LambdaForm$MH+0x00000008012b9800'

Classes redefined (0 events):
No events

Internal exceptions (20 events):
Event: 6560.879 Thread 0x00000230866f8ba0 Exception <a 'java/lang/ClassNotFoundException'{0x000000008777ed50}: java/lang/ObjectCustomizer> (0x000000008777ed50) 
thrown [s\open\src\hotspot\share\classfile\systemDictionary.cpp, line 255]
Event: 6560.883 Thread 0x00000230866f8ba0 Exception <a 'java/lang/ClassNotFoundException'{0x000000008778bf40}: com/mkoner/electronics/express/params/ProductPageCustomizer> (0x000000008778bf40) 
thrown [s\open\src\hotspot\share\classfile\systemDictionary.cpp, line 255]
Event: 6560.885 Thread 0x00000230866f8ba0 Exception <a 'java/lang/NoSuchMethodError'{0x000000008779b680}: 'void java.lang.invoke.DelegatingMethodHandle$Holder.reinvoke_L(java.lang.Object, java.lang.Object, int)'> (0x000000008779b680) 
thrown [s\open\src\hotspot\share\interpreter\linkResolver.cpp, line 774]
Event: 6560.887 Thread 0x00000230866f8ba0 Exception <a 'java/lang/ClassNotFoundException'{0x00000000877b1e38}: java/lang/ObjectCustomizer> (0x00000000877b1e38) 
thrown [s\open\src\hotspot\share\classfile\systemDictionary.cpp, line 255]
Event: 6560.890 Thread 0x00000230866f8ba0 Exception <a 'java/lang/ClassNotFoundException'{0x00000000877bde60}: com/mkoner/electronics/express/params/GetProductFiltersCustomizer> (0x00000000877bde60) 
thrown [s\open\src\hotspot\share\classfile\systemDictionary.cpp, line 255]
Event: 6560.897 Thread 0x00000230866f8ba0 Implicit null exception at 0x00000230f040248d to 0x00000230f0402782
Event: 8363.863 Thread 0x00000230866f8ba0 Exception <a 'java/lang/ClassNotFoundException'{0x00000000884851b0}: java/lang/ObjectCustomizer> (0x00000000884851b0) 
thrown [s\open\src\hotspot\share\classfile\systemDictionary.cpp, line 255]
Event: 8363.875 Thread 0x00000230866f8ba0 Exception <a 'java/lang/ClassNotFoundException'{0x0000000088494190}: com/mkoner/electronics/express/params/GetCategoryFiltersCustomizer> (0x0000000088494190) 
thrown [s\open\src\hotspot\share\classfile\systemDictionary.cpp, line 255]
Event: 8576.596 Thread 0x00000230866fb0d0 Exception <a 'java/lang/ClassNotFoundException'{0x0000000086cfb988}: java/lang/ObjectCustomizer> (0x0000000086cfb988) 
thrown [s\open\src\hotspot\share\classfile\systemDictionary.cpp, line 255]
Event: 8576.599 Thread 0x00000230866fb0d0 Exception <a 'java/lang/ClassNotFoundException'{0x0000000086b0b340}: com/mkoner/electronics/express/params/GetOrderFiltersCustomizer> (0x0000000086b0b340) 
thrown [s\open\src\hotspot\share\classfile\systemDictionary.cpp, line 255]
Event: 8614.281 Thread 0x00000230866fb0d0 Exception <a 'java/net/SocketException'{0x000000008657a888}: Connection reset by peer: shutdown> (0x000000008657a888) 
thrown [s\open\src\hotspot\share\prims\jni.cpp, line 536]
Event: 9730.603 Thread 0x00000230866f6120 Exception <a 'java/lang/ClassNotFoundException'{0x00000000869c87e8}: java/lang/ObjectCustomizer> (0x00000000869c87e8) 
thrown [s\open\src\hotspot\share\classfile\systemDictionary.cpp, line 255]
Event: 9730.612 Thread 0x00000230866f6120 Exception <a 'java/lang/ClassNotFoundException'{0x00000000869d4ba0}: com/mkoner/electronics/express/params/GetUserFiltersCustomizer> (0x00000000869d4ba0) 
thrown [s\open\src\hotspot\share\classfile\systemDictionary.cpp, line 255]
Event: 9806.918 Thread 0x00000230866f8650 Implicit null exception at 0x00000230f04dcd76 to 0x00000230f04de02c
Event: 9807.068 Thread 0x00000230866f8650 Exception <a 'java/lang/ClassNotFoundException'{0x0000000087e65600}: java/lang/ObjectCustomizer> (0x0000000087e65600) 
thrown [s\open\src\hotspot\share\classfile\systemDictionary.cpp, line 255]
Event: 9807.072 Thread 0x00000230866f8650 Exception <a 'java/lang/ClassNotFoundException'{0x0000000087e75540}: com/mkoner/electronics/express/entity/CustomerCustomizer> (0x0000000087e75540) 
thrown [s\open\src\hotspot\share\classfile\systemDictionary.cpp, line 255]
Event: 9807.076 Thread 0x00000230866f8650 Exception <a 'java/lang/ClassNotFoundException'{0x0000000087ea1458}: org/springframework/security/core/userdetails/UserDetailsCustomizer> (0x0000000087ea1458) 
thrown [s\open\src\hotspot\share\classfile\systemDictionary.cpp, line 255]
Event: 9914.203 Thread 0x00000230866fb0d0 Exception <a 'java/lang/ClassNotFoundException'{0x00000000872f4490}: java/lang/ObjectCustomizer> (0x00000000872f4490) 
thrown [s\open\src\hotspot\share\classfile\systemDictionary.cpp, line 255]
Event: 9914.206 Thread 0x00000230866fb0d0 Exception <a 'java/lang/ClassNotFoundException'{0x00000000871033b0}: com/mkoner/electronics/express/params/GetProductFiltersCustomizer> (0x00000000871033b0) 
thrown [s\open\src\hotspot\share\classfile\systemDictionary.cpp, line 255]
Event: 11699.871 Thread 0x00000230866f8ba0 Exception <a 'java/net/SocketException'{0x0000000089c4b2d8}: Connection reset by peer: shutdown> (0x0000000089c4b2d8) 
thrown [s\open\src\hotspot\share\prims\jni.cpp, line 536]

VM Operations (20 events):
Event: 11780.802 Executing VM operation: G1CollectForAllocation
Event: 11780.806 Executing VM operation: G1CollectForAllocation done
Event: 11780.878 Executing VM operation: G1PauseRemark
Event: 11780.893 Executing VM operation: G1PauseRemark done
Event: 11780.920 Executing VM operation: G1PauseCleanup
Event: 11780.920 Executing VM operation: G1PauseCleanup done
Event: 11781.933 Executing VM operation: Cleanup
Event: 11781.933 Executing VM operation: Cleanup done
Event: 11789.743 Executing VM operation: G1CollectForAllocation
Event: 11789.746 Executing VM operation: G1CollectForAllocation done
Event: 11790.200 Executing VM operation: G1CollectForAllocation
Event: 11790.205 Executing VM operation: G1CollectForAllocation done
Event: 11792.214 Executing VM operation: Cleanup
Event: 11792.214 Executing VM operation: Cleanup done
Event: 11793.229 Executing VM operation: Cleanup
Event: 11793.229 Executing VM operation: Cleanup done
Event: 11794.242 Executing VM operation: Cleanup
Event: 11794.242 Executing VM operation: Cleanup done
Event: 11795.256 Executing VM operation: Cleanup
Event: 11795.257 Executing VM operation: Cleanup done

Events (20 events):
Event: 11742.521 Thread 0x00000230feed8270 flushing nmethod 0x00000230e9fbe190
Event: 11742.522 Thread 0x00000230feed8270 flushing nmethod 0x00000230ea026790
Event: 11742.522 Thread 0x00000230feed8270 flushing nmethod 0x00000230ea080710
Event: 11742.522 Thread 0x00000230feed8270 flushing nmethod 0x00000230ea0e9890
Event: 11742.523 Thread 0x00000230feed8270 flushing nmethod 0x00000230ea0f6a90
Event: 11742.523 Thread 0x00000230feed8270 flushing nmethod 0x00000230ea0f7d90
Event: 11770.507 Thread 0x00000230feed8270 flushing nmethod 0x00000230e8856490
Event: 11770.509 Thread 0x00000230feed8270 flushing nmethod 0x00000230e89b4f10
Event: 11770.509 Thread 0x00000230feed8270 flushing nmethod 0x00000230e8a64d10
Event: 11770.514 Thread 0x00000230feed8270 flushing nmethod 0x00000230e8e21f10
Event: 11770.516 Thread 0x00000230feed8270 flushing nmethod 0x00000230e9040790
Event: 11770.522 Thread 0x00000230feed8270 flushing nmethod 0x00000230e962b990
Event: 11770.523 Thread 0x00000230feed8270 flushing nmethod 0x00000230e9733610
Event: 11770.525 Thread 0x00000230feed8270 flushing nmethod 0x00000230e9b03f90
Event: 11770.525 Thread 0x00000230feed8270 flushing nmethod 0x00000230e9b15410
Event: 11792.187 Thread 0x0000023084aba4c0 Thread added: 0x0000023084aba4c0
Event: 11793.036 Thread 0x0000023084aba4c0 Thread exited: 0x0000023084aba4c0
Event: 11793.722 Thread 0x0000023084abafe0 Thread added: 0x0000023084abafe0
Event: 11794.683 Thread 0x0000023084abafe0 Thread exited: 0x0000023084abafe0
Event: 11795.113 Thread 0x0000023084abf830 Thread added: 0x0000023084abf830


Dynamic libraries:
0x00007ff79da60000 - 0x00007ff79da6e000 	C:\Users\KONE\.jdks\openjdk-19.0.1\bin\java.exe
0x00007ffff8330000 - 0x00007ffff8528000 	C:\Windows\SYSTEM32\ntdll.dll
0x00007ffff7610000 - 0x00007ffff76cf000 	C:\Windows\System32\KERNEL32.DLL
0x00007ffff5c30000 - 0x00007ffff5f02000 	C:\Windows\System32\KERNELBASE.dll
0x00007ffff6190000 - 0x00007ffff6290000 	C:\Windows\System32\ucrtbase.dll
0x00007fffd95d0000 - 0x00007fffd95eb000 	C:\Users\KONE\.jdks\openjdk-19.0.1\bin\VCRUNTIME140.dll
0x00007fffe2b60000 - 0x00007fffe2b77000 	C:\Users\KONE\.jdks\openjdk-19.0.1\bin\jli.dll
0x00007ffff6f40000 - 0x00007ffff70e1000 	C:\Windows\System32\USER32.dll
0x00007fffdd730000 - 0x00007fffdd9ca000 	C:\Windows\WinSxS\amd64_microsoft.windows.common-controls_6595b64144ccf1df_6.0.19041.1110_none_60b5254171f9507e\COMCTL32.dll
0x00007ffff5f10000 - 0x00007ffff5f32000 	C:\Windows\System32\win32u.dll
0x00007ffff6f10000 - 0x00007ffff6f3b000 	C:\Windows\System32\GDI32.dll
0x00007ffff5ff0000 - 0x00007ffff60ff000 	C:\Windows\System32\gdi32full.dll
0x00007ffff7740000 - 0x00007ffff77de000 	C:\Windows\System32\msvcrt.dll
0x00007ffff5a30000 - 0x00007ffff5acd000 	C:\Windows\System32\msvcp_win.dll
0x00007ffff8210000 - 0x00007ffff8240000 	C:\Windows\System32\IMM32.DLL
0x00007fffe2b50000 - 0x00007fffe2b5c000 	C:\Users\KONE\.jdks\openjdk-19.0.1\bin\vcruntime140_1.dll
0x00007fffd9540000 - 0x00007fffd95ce000 	C:\Users\KONE\.jdks\openjdk-19.0.1\bin\msvcp140.dll
0x00007fff79100000 - 0x00007fff79dc0000 	C:\Users\KONE\.jdks\openjdk-19.0.1\bin\server\jvm.dll
0x00007ffff8240000 - 0x00007ffff82ee000 	C:\Windows\System32\ADVAPI32.dll
0x00007ffff6d40000 - 0x00007ffff6ddc000 	C:\Windows\System32\sechost.dll
0x00007ffff6de0000 - 0x00007ffff6f04000 	C:\Windows\System32\RPCRT4.dll
0x00007fffecfc0000 - 0x00007fffecfca000 	C:\Windows\SYSTEM32\VERSION.dll
0x00007fffdff20000 - 0x00007fffdff47000 	C:\Windows\SYSTEM32\WINMM.dll
0x00007fffdd630000 - 0x00007fffdd639000 	C:\Windows\SYSTEM32\WSOCK32.dll
0x00007ffff7c10000 - 0x00007ffff7c7b000 	C:\Windows\System32\WS2_32.dll
0x00007ffff4240000 - 0x00007ffff4252000 	C:\Windows\SYSTEM32\kernel.appcore.dll
0x00007fffe2560000 - 0x00007fffe256a000 	C:\Users\KONE\.jdks\openjdk-19.0.1\bin\jimage.dll
0x00007ffff37b0000 - 0x00007ffff3994000 	C:\Windows\SYSTEM32\DBGHELP.DLL
0x00007fffde9a0000 - 0x00007fffde9d5000 	C:\Windows\SYSTEM32\dbgcore.DLL
0x00007ffff6100000 - 0x00007ffff6182000 	C:\Windows\System32\bcryptPrimitives.dll
0x00007ffff2dd0000 - 0x00007ffff2dde000 	C:\Users\KONE\.jdks\openjdk-19.0.1\bin\instrument.dll
0x00007fffd7b70000 - 0x00007fffd7b96000 	C:\Users\KONE\.jdks\openjdk-19.0.1\bin\java.dll
0x00007fffbd230000 - 0x00007fffbd307000 	C:\Users\KONE\.jdks\openjdk-19.0.1\bin\jsvml.dll
0x00007ffff6380000 - 0x00007ffff6ac5000 	C:\Windows\System32\SHELL32.dll
0x00007ffff3a90000 - 0x00007ffff4222000 	C:\Windows\SYSTEM32\windows.storage.dll
0x00007ffff7850000 - 0x00007ffff7ba5000 	C:\Windows\System32\combase.dll
0x00007ffff5420000 - 0x00007ffff5450000 	C:\Windows\SYSTEM32\Wldp.dll
0x00007ffff6ad0000 - 0x00007ffff6b7d000 	C:\Windows\System32\SHCORE.dll
0x00007ffff76d0000 - 0x00007ffff7725000 	C:\Windows\System32\shlwapi.dll
0x00007ffff5970000 - 0x00007ffff598f000 	C:\Windows\SYSTEM32\profapi.dll
0x00007fffd7b30000 - 0x00007fffd7b48000 	C:\Users\KONE\.jdks\openjdk-19.0.1\bin\zip.dll
0x00007fffd93c0000 - 0x00007fffd93d3000 	C:\Users\KONE\.jdks\openjdk-19.0.1\bin\net.dll
0x00007fffe98a0000 - 0x00007fffe99aa000 	C:\Windows\SYSTEM32\WINHTTP.dll
0x00007ffff5130000 - 0x00007ffff519a000 	C:\Windows\system32\mswsock.dll
0x00007fffd7b50000 - 0x00007fffd7b66000 	C:\Users\KONE\.jdks\openjdk-19.0.1\bin\nio.dll
0x00007fffee020000 - 0x00007fffee03a000 	C:\Users\KONE\AppData\Local\JetBrains\Toolbox\apps\IDEA-C\ch-0\231.8109.175\bin\breakgen64.dll
0x00007fffe2500000 - 0x00007fffe2508000 	C:\Users\KONE\.jdks\openjdk-19.0.1\bin\extnet.dll
0x00007fffdd670000 - 0x00007fffdd680000 	C:\Users\KONE\.jdks\openjdk-19.0.1\bin\verify.dll
0x00007fffe5970000 - 0x00007fffe597a000 	C:\Users\KONE\.jdks\openjdk-19.0.1\bin\management.dll
0x00007fffe5960000 - 0x00007fffe596b000 	C:\Users\KONE\.jdks\openjdk-19.0.1\bin\management_ext.dll
0x00007ffff7840000 - 0x00007ffff7848000 	C:\Windows\System32\PSAPI.DLL
0x00007fffdb6b0000 - 0x00007fffdb6c7000 	C:\Windows\system32\napinsp.dll
0x00007fffdb690000 - 0x00007fffdb6ab000 	C:\Windows\system32\pnrpnsp.dll
0x00007ffff02a0000 - 0x00007ffff02b5000 	C:\Windows\system32\wshbth.dll
0x00007ffff08e0000 - 0x00007ffff08fd000 	C:\Windows\system32\NLAapi.dll
0x00007ffff4dd0000 - 0x00007ffff4e0b000 	C:\Windows\SYSTEM32\IPHLPAPI.DLL
0x00007ffff4e10000 - 0x00007ffff4edb000 	C:\Windows\SYSTEM32\DNSAPI.dll
0x00007ffff6b80000 - 0x00007ffff6b88000 	C:\Windows\System32\NSI.dll
0x00007fffdb650000 - 0x00007fffdb662000 	C:\Windows\System32\winrnr.dll
0x000000006fe80000 - 0x000000006fea6000 	C:\Program Files\Bonjour\mdnsNSP.dll
0x00007fffecfb0000 - 0x00007fffecfba000 	C:\Windows\System32\rasadhlp.dll
0x00007fffe2400000 - 0x00007fffe2480000 	C:\Windows\System32\fwpuclnt.dll
0x00007ffff6350000 - 0x00007ffff6377000 	C:\Windows\System32\bcrypt.dll
0x00007ffff5350000 - 0x00007ffff5368000 	C:\Windows\SYSTEM32\CRYPTSP.dll
0x00007ffff49f0000 - 0x00007ffff4a24000 	C:\Windows\system32\rsaenh.dll
0x00007ffff58f0000 - 0x00007ffff591e000 	C:\Windows\SYSTEM32\USERENV.dll
0x00007ffff5370000 - 0x00007ffff537c000 	C:\Windows\SYSTEM32\CRYPTBASE.dll
0x00007fffeb300000 - 0x00007fffeb317000 	C:\Windows\SYSTEM32\dhcpcsvc6.DLL
0x00007fffeb240000 - 0x00007fffeb25d000 	C:\Windows\SYSTEM32\dhcpcsvc.DLL
0x00007fffe5910000 - 0x00007fffe591e000 	C:\Users\KONE\.jdks\openjdk-19.0.1\bin\sunmscapi.dll
0x00007ffff5ad0000 - 0x00007ffff5c26000 	C:\Windows\System32\CRYPT32.dll
0x00007ffff5490000 - 0x00007ffff54b7000 	C:\Windows\SYSTEM32\ncrypt.dll
0x00007ffff5450000 - 0x00007ffff548b000 	C:\Windows\SYSTEM32\NTASN1.dll
0x00007fffe4af0000 - 0x00007fffe4af7000 	C:\Windows\system32\wshunix.dll
0x00007ffff4b10000 - 0x00007ffff4b43000 	C:\Windows\SYSTEM32\ntmarta.dll

dbghelp: loaded successfully - version: 4.0.5 - missing functions: none
symbol engine: initialized successfully - sym options: 0x614 - pdb path: .;C:\Users\KONE\.jdks\openjdk-19.0.1\bin;C:\Windows\SYSTEM32;C:\Windows\WinSxS\amd64_microsoft.windows.common-controls_6595b64144ccf1df_6.0.19041.1110_none_60b5254171f9507e;C:\Users\KONE\.jdks\openjdk-19.0.1\bin\server;C:\Users\KONE\AppData\Local\JetBrains\Toolbox\apps\IDEA-C\ch-0\231.8109.175\bin;C:\Program Files\Bonjour

VM Arguments:
jvm_args: -javaagent:C:\Users\KONE\AppData\Local\JetBrains\Toolbox\apps\IDEA-C\ch-0\231.8109.175\lib\idea_rt.jar=55441:C:\Users\KONE\AppData\Local\JetBrains\Toolbox\apps\IDEA-C\ch-0\231.8109.175\bin -Dfile.encoding=UTF-8 -Dsun.stdout.encoding=UTF-8 -Dsun.stderr.encoding=UTF-8 
java_command: com.mkoner.electronics.express.Application
java_class_path (initial): D:\aaa\SPRING\electronics.express\target\classes;C:\Users\KONE\.m2\repository\org\springframework\boot\spring-boot-starter-data-jpa\2.7.5\spring-boot-starter-data-jpa-2.7.5.jar;C:\Users\KONE\.m2\repository\org\springframework\boot\spring-boot-starter-aop\2.7.5\spring-boot-starter-aop-2.7.5.jar;C:\Users\KONE\.m2\repository\org\aspectj\aspectjweaver\1.9.7\aspectjweaver-1.9.7.jar;C:\Users\KONE\.m2\repository\org\springframework\boot\spring-boot-starter-jdbc\2.7.5\spring-boot-starter-jdbc-2.7.5.jar;C:\Users\KONE\.m2\repository\com\zaxxer\HikariCP\4.0.3\HikariCP-4.0.3.jar;C:\Users\KONE\.m2\repository\org\springframework\spring-jdbc\5.3.23\spring-jdbc-5.3.23.jar;C:\Users\KONE\.m2\repository\jakarta\transaction\jakarta.transaction-api\1.3.3\jakarta.transaction-api-1.3.3.jar;C:\Users\KONE\.m2\repository\jakarta\persistence\jakarta.persistence-api\2.2.3\jakarta.persistence-api-2.2.3.jar;C:\Users\KONE\.m2\repository\org\hibernate\hibernate-core\5.6.12.Final\hibernate-core-5.6.12.Final.jar;C:\Users\KONE\.m2\repository\org\jboss\logging\jboss-logging\3.4.3.Final\jboss-logging-3.4.3.Final.jar;C:\Users\KONE\.m2\repository\net\bytebuddy\byte-buddy\1.12.18\byte-buddy-1.12.18.jar;C:\Users\KONE\.m2\repository\antlr\antlr\2.7.7\antlr-2.7.7.jar;C:\Users\KONE\.m2\repository\org\jboss\jandex\2.4.2.Final\jandex-2.4.2.Final.jar;C:\Users\KONE\.m2\repository\com\fasterxml\classmate\1.5.1\classmate-1.5.1.jar;C:\Users\KONE\.m2\repository\org\hibernate\common\hibernate-commons-annotations\5.1.2.Final\hibernate-commons-annotations-5.1.2.Final.jar;C:\Users\KONE\.m2\repository\org\glassfish\jaxb\jaxb-runtime\2.3.7\jaxb-runtime-2.3.7.jar;C:\Users\KONE\.m2\repository\org\glassfish\jaxb\txw2\2.3.7\txw2-2.3.7.jar;C:\Users\KONE\.m2\repository\com\sun\istack\istack-commons-runtime\3.0.12\istack-commons-runtime-3.0.12.jar;C:\Users\KONE\.m2\repository\org\springframework\data\spring-data-jpa\2.7.5\spring-data-jpa-2.7.5.jar;C:\Users\KONE\.m2\repository\org\springframework\data\spring-data-commons\2.7.5\spring-data-commons-2.7.5.jar;C:\Users\KONE\.m2\repository\org\springframework\spring-orm\5.3.23\spring-orm-5.3.23.jar;C:\Users\KONE\.m2\repository\org\springframework\spring-context\5.3.23\spring-context-5.3.23.jar;C:\Users\KONE\.m2\repository\org\springframework\spring-tx\5.3.23\spring-tx-5.3.23.jar;C:\Users\KONE\.m2\repository\org\springframework\spring-beans\5.3.23\spring-beans-5.3.23.jar;C:\Users\KONE\.m2\repository\org\slf4j\slf4j-api\1.7.36\slf4j-api-1.7.36.jar;C:\Users\KONE\.m2\repository\org\springframework\spring-aspects\5.3.23\spring-aspects-5.3.23.jar;C:\Users\KONE\.m2\repository\org\springframework\boot\spring-boot-starter-mail\2.7.5\spring-boot-starter-mail-2.7.5.jar;C:\Users\KONE\.m2\repository\org\springframework\boot\spring-boot-starter\2.7.5\spring-boot-starter-2.7.5.jar;C:\Users\KONE\.m2\repository\org\springframework\boot\spring-boot-starter-logging\2.7.5\spring-boot-starter-logging-2.7.5.jar;C:\Users\KONE\.m2\repository\ch\qos\logback\logback-classic\1.2.11\logback-classic-1.2.11.jar;C:\Users\KONE\.m2\repository\ch\qos\logback\logback-core\1.2.11\logback-core-1.2.11.jar;C:\Users\KONE\.m2\repository\org\apache\logging\log4j\log4j-to-slf4j\2.17.2\log4j-to-slf4j-2.17.2.jar;C:\Users\KONE\.m2\repository\org\apache\logging\log4j\log4j-api\2.17.2\log4j-api-2.17.2.jar;C:\Users\KONE\.m2\repository\org\slf4j\jul-to-slf4j\1.7.36\jul-to-slf4j-1.7.36.jar;C:\Users\KONE\.m2\repository\jakarta\annotation\jakarta.annotation-api\1.3.5\jakarta.annotation-api-1.3.5.jar;C:\Users\KONE\.m2\repository\org\yaml\snakeyaml\1.30\snakeyaml-1.30.jar;C:\Users\KONE\.m2\repository\org\springframework\spring-context-support\5.3.23\spring-context-support-5.3.23.jar;C:\Users\KONE\.m2\repository\com\sun\mail\jakarta.mail\1.6.7\jakarta.mail-1.6.7.jar;C:\Users\KONE\.m2\repository\com\sun\activation\jakarta.activation\1.2.2\jakarta.activation-1.2.2.jar;C:\Users\KONE\.m2\repository\org\springframework\boot\spring-boot-starter-security\2.7.5\spring-boot-starter-security-2.7.5.jar;C:\Users\KONE\.m2\repository\org\springframework\spring-aop\5.3.23\spring-aop-5.3.23.jar;C:\Users\KONE\.m2\repository\org\springframework\security\spring-security-config\5.7.4\spring-security-config-5.7.4.jar;C:\Users\KONE\.m2\repository\org\springframework\security\spring-security-web\5.7.4\spring-security-web-5.7.4.jar;C:\Users\KONE\.m2\repository\org\springframework\spring-expression\5.3.23\spring-expression-5.3.23.jar;C:\Users\KONE\.m2\repository\com\auth0\java-jwt\3.18.3\java-jwt-3.18.3.jar;C:\Users\KONE\.m2\repository\com\fasterxml\jackson\core\jackson-databind\2.13.4.2\jackson-databind-2.13.4.2.jar;C:\Users\KONE\.m2\repository\com\fasterxml\jackson\core\jackson-annotations\2.13.4\jackson-annotations-2.13.4.jar;C:\Users\KONE\.m2\repository\com\fasterxml\jackson\core\jackson-core\2.13.4\jackson-core-2.13.4.jar;C:\Users\KONE\.m2\repository\org\springframework\boot\spring-boot-starter-web\2.7.5\spring-boot-starter-web-2.7.5.jar;C:\Users\KONE\.m2\repository\org\springframework\boot\spring-boot-starter-json\2.7.5\spring-boot-starter-json-2.7.5.jar;C:\Users\KONE\.m2\repository\com\fasterxml\jackson\datatype\jackson-datatype-jdk8\2.13.4\jackson-datatype-jdk8-2.13.4.jar;C:\Users\KONE\.m2\repository\com\fasterxml\jackson\datatype\jackson-datatype-jsr310\2.13.4\jackson-datatype-jsr310-2.13.4.jar;C:\Users\KONE\.m2\repository\com\fasterxml\jackson\module\jackson-module-parameter-names\2.13.4\jackson-module-parameter-names-2.13.4.jar;C:\Users\KONE\.m2\repository\org\springframework\boot\spring-boot-starter-tomcat\2.7.5\spring-boot-starter-tomcat-2.7.5.jar;C:\Users\KONE\.m2\repository\org\apache\tomcat\embed\tomcat-embed-core\9.0.68\tomcat-embed-core-9.0.68.jar;C:\Users\KONE\.m2\repository\org\apache\tomcat\embed\tomcat-embed-el\9.0.68\tomcat-embed-el-9.0.68.jar;C:\Users\KONE\.m2\repository\org\apache\tomcat\embed\tomcat-embed-websocket\9.0.68\tomcat-embed-websocket-9.0.68.jar;C:\Users\KONE\.m2\repository\org\springframework\spring-web\5.3.23\spring-web-5.3.23.jar;C:\Users\KONE\.m2\repository\org\springframework\spring-webmvc\5.3.23\spring-webmvc-5.3.23.jar;C:\Users\KONE\.m2\repository\org\springframework\boot\spring-boot-devtools\2.7.5\spring-boot-devtools-2.7.5.jar;C:\Users\KONE\.m2\repository\org\springframework\boot\spring-boot\2.7.5\spring-boot-2.7.5.jar;C:\Users\KONE\.m2\repository\org\springframework\boot\spring-boot-autoconfigure\2.7.5\spring-boot-autoconfigure-2.7.5.jar;C:\Users\KONE\.m2\repository\com\mysql\mysql-connector-j\8.0.31\mysql-connector-j-8.0.31.jar;C:\Users\KONE\.m2\repository\org\projectlombok\lombok\1.18.24\lombok-1.18.24.jar;C:\Users\KONE\.m2\repository\jakarta\xml\bind\jakarta.xml.bind-api\2.3.3\jakarta.xml.bind-api-2.3.3.jar;C:\Users\KONE\.m2\repository\jakarta\activation\jakarta.activation-api\1.2.2\jakarta.activation-api-1.2.2.jar;C:\Users\KONE\.m2\repository\org\springframework\spring-core\5.3.23\spring-core-5.3.23.jar;C:\Users\KONE\.m2\repository\org\springframework\spring-jcl\5.3.23\spring-jcl-5.3.23.jar;C:\Users\KONE\.m2\repository\org\springframework\security\spring-security-core\5.7.4\spring-security-core-5.7.4.jar;C:\Users\KONE\.m2\repository\org\springframework\security\spring-security-crypto\5.7.4\spring-security-crypto-5.7.4.jar
Launcher Type: SUN_STANDARD

[Global flags]
     intx CICompilerCount                          = 4                                         {product} {ergonomic}
     uint ConcGCThreads                            = 2                                         {product} {ergonomic}
     uint G1ConcRefinementThreads                  = 8                                         {product} {ergonomic}
   size_t G1HeapRegionSize                         = 1048576                                   {product} {ergonomic}
    uintx GCDrainStackTargetSize                   = 64                                        {product} {ergonomic}
   size_t InitialHeapSize                          = 132120576                                 {product} {ergonomic}
   size_t MarkStackSize                            = 4194304                                   {product} {ergonomic}
   size_t MaxHeapSize                              = 2086666240                                {product} {ergonomic}
   size_t MaxNewSize                               = 1251999744                                {product} {ergonomic}
   size_t MinHeapDeltaBytes                        = 1048576                                   {product} {ergonomic}
   size_t MinHeapSize                              = 8388608                                   {product} {ergonomic}
    uintx NonNMethodCodeHeapSize                   = 5839372                                {pd product} {ergonomic}
    uintx NonProfiledCodeHeapSize                  = 122909434                              {pd product} {ergonomic}
    uintx ProfiledCodeHeapSize                     = 122909434                              {pd product} {ergonomic}
    uintx ReservedCodeCacheSize                    = 251658240                              {pd product} {ergonomic}
     bool SegmentedCodeCache                       = true                                      {product} {ergonomic}
   size_t SoftMaxHeapSize                          = 2086666240                             {manageable} {ergonomic}
     bool UseCompressedClassPointers               = true                           {product lp64_product} {ergonomic}
     bool UseCompressedOops                        = true                           {product lp64_product} {ergonomic}
     bool UseG1GC                                  = true                                      {product} {ergonomic}
     bool UseLargePagesIndividualAllocation        = false                                  {pd product} {ergonomic}

Logging:
Log output configuration:
 #0: stdout all=warning uptime,level,tags foldmultilines=false
 #1: stderr all=off uptime,level,tags foldmultilines=false

Environment Variables:
JAVA_HOME=C:\Program Files\Java\jdk1.8.0_261
PATH=C:\Program Files\Python311\Scripts\;C:\Program Files\Python311\;C:\Program Files\Common Files\Oracle\Java\javapath;C:\Windows\system32;C:\Windows;C:\Windows\System32\Wbem;C:\Windows\System32\WindowsPowerShell\v1.0\;C:\Windows\System32\OpenSSH\;C:\Program Files\Java\jdk1.8.0_261\bin;C:\Program Files (x86)\Yarn\bin\;C:\Users\DELL\AppData\Local\Android\Sdk\tools;C:\Users\DELL\AppData\Local\Android\Sdk\platform-tools;C:\Program Files\PuTTY\;C:\Users\DELL\Desktop\apache-maven-3.6.3\bin;C:\Users\DELL\AppData\Roaming\npm\node_modules\@angular\cli\bin;C:\Users\DELL\AppData\Roaming\npm;C:\Program Files\dotnet\;C:\Program Files\Microsoft SQL Server\Client SDK\ODBC\130\Tools\Binn\;C:\Program Files (x86)\Microsoft SQL Server\140\Tools\Binn\;C:\Program Files\Microsoft SQL Server\140\Tools\Binn\;C:\Program Files\Microsoft SQL Server\140\DTS\Binn\;C:\wamp64\bin\php\php7.4.9;C:\composer;C:\Program Files (x86)\dotnet\;C:\Program Files (x86)\Bitvise SSH Client;C:\Program Files\Docker\Docker\resources\bin;C:\ProgramData\DockerDesktop\version-bin;C:\Program Files\Amazon\AWSCLI\bin\;C:\Program Files\Git\cmd;C:\Program Files\nodejs\;C:\Users\KONE\AppData\Local\Microsoft\WindowsApps;C:\Users\KONE\AppData\Local\Programs\Microsoft VS Code\bin;C:\Users\KONE\AppData\Local\JetBrains\Toolbox\scripts;C:\Users\KONE\AppData\Roaming\npm
USERNAME=KONE
OS=Windows_NT
PROCESSOR_IDENTIFIER=Intel64 Family 6 Model 126 Stepping 5, GenuineIntel
TMP=C:\Users\KONE\AppData\Local\Temp
TEMP=C:\Users\KONE\AppData\Local\Temp



---------------  S Y S T E M  ---------------

OS:
 Windows 10 , 64 bit Build 19041 (10.0.19041.2546)
OS uptime: 14 days 22:21 hours
Hyper-V role detected

CPU: total 8 (initial active 8) (4 cores per cpu, 2 threads per core) family 6 model 126 stepping 5 microcode 0xb2, cx8, cmov, fxsr, ht, mmx, 3dnowpref, sse, sse2, sse3, ssse3, sse4.1, sse4.2, popcnt, lzcnt, tsc, tscinvbit, avx, avx2, aes, erms, clmul, bmi1, bmi2, adx, avx512f, avx512dq, avx512cd, avx512bw, avx512vl, sha, fma, vzeroupper, avx512_vpopcntdq, avx512_vpclmulqdq, avx512_vaes, avx512_vnni, clflush, clflushopt, avx512_vbmi2, avx512_vbmi, hv, rdtscp, rdpid, fsrm, gfni, avx512_bitalg

Memory: 4k page, system-wide physical 7959M (404M free)
TotalPageFile size 32535M (AvailPageFile size 6M)
current process WorkingSet (physical memory assigned to process): 291M, peak: 292M
current process commit charge ("private bytes"): 373M, peak: 374M

vm_info: OpenJDK 64-Bit Server VM (19.0.1+10-21) for windows-amd64 JRE (19.0.1+10-21), built on 2022-09-14T12:45:06Z by "mach5one" with MS VC++ 17.1 (VS2022)

END.
